=~=~=~=~=~=~=~=~=~=~=~= PuTTY log 2014.08.16 20:37:34 =~=~=~=~=~=~=~=~=~=~=~=
?

>?

>ISO 14230-4 (KWP FAST)

>?

>BUS INIT: ERROR

>

ELM327 v1.3a

>0100
BUS INIT: ERROR

>0100
BUS INIT: OK
41 00 80 00 00 00 
41 00 FE 3F B8 11 

>=~=~=~=~=~=~=~=~=~=~=~= PuTTY log 2014.08.21 19:34:29 =~=~=~=~=~=~=~=~=~=~=~=
ISO 14230-4 (KWP FAST)

>ISO 14230-4 (KWP FAST)

>41 00 FE 3F B8 11 

>41 01 00 67 65 25 

>OK

>a
?

>07
47 00 00 00 00 00 00 

>02
7F 02 12 

>06
7F 06 12 

>05
7F 05 11 

>02
7F 02 12 

>0101
41 01 00 67 65 25 

>03
43 00 00 00 00 00 00 

>0178
7F 01 10 

>0908
7F 09 10 

>07
47 00 00 00 00 00 00 

>[5~[5~[5~?

>0203
7F 02 12 

>0201
7F 02 12 

>050100
7F 05 11 

>)A
?

>0a
7F 0A 11 

>0900
49 00 01 FC 00 00 00 

>0908
7F 09 10 

>0909
7F 09 10 

>090a
7F 09 10 

>0901
49 01 05 

>0101
41 01 00 67 65 25 

>013
?

>03
43 00 00 00 00 00 00 

>0103
41 03 12 00 

>0103
41 03 12 00 

>0103
41 03 12 00 

>0103
41 03 12 00 

>0103
41 03 12 00 

>